2026-05-08T13:23:34.269+08:00 [gateway] loading configuration…
2026-05-08T13:23:41.532+08:00 [gateway] force: no listeners on port 18789
2026-05-08T13:23:41.620+08:00 [gateway] resolving authentication…
2026-05-08T13:23:42.926+08:00 [gateway] starting...
2026-05-08T13:24:48.611+08:00 [gateway] [startup-trace] before loadGatewayStartupConfigSnapshot
2026-05-08T13:24:54.844+08:00 [gateway] [startup-trace] after loadGatewayStartupConfigSnapshot
2026-05-08T13:24:54.883+08:00 [gateway] [startup-trace] before prepareGatewayStartupConfig
2026-05-08T13:25:03.825+08:00 [gateway] [startup-trace] after prepareGatewayStartupConfig
2026-05-08T13:25:03.887+08:00 [gateway] [startup-trace] before readConfigFileSnapshot
2026-05-08T13:25:04.130+08:00 [gateway] [startup-trace] after readConfigFileSnapshot
2026-05-08T13:25:04.215+08:00 [gateway] [startup-trace] before prepareGatewayPluginBootstrap
2026-05-08T13:25:04.264+08:00 [gateway] [startup-trace] after prepareGatewayPluginBootstrap
2026-05-08T13:25:04.512+08:00 [gateway] [startup-trace] before resolveGatewayRuntimeConfig
2026-05-08T13:25:05.044+08:00 [gateway] [startup-trace] after resolveGatewayRuntimeConfig
2026-05-08T13:25:05.318+08:00 [gateway] [startup-trace] before resolveCurrentSharedGatewaySessionGeneration
2026-05-08T13:25:06.249+08:00 [gateway] [startup-trace] after resolveCurrentSharedGatewaySessionGeneration
2026-05-08T13:25:06.274+08:00 [gateway] [startup-trace] before loadGatewayTlsRuntime
2026-05-08T13:25:06.293+08:00 [gateway] [startup-trace] after loadGatewayTlsRuntime
2026-05-08T13:25:06.443+08:00 [gateway] [startup-trace] before createChannelManager
2026-05-08T13:25:12.474+08:00 [gateway] [startup-trace] after createChannelManager
2026-05-08T13:25:12.490+08:00 [gateway] starting HTTP server...
2026-05-08T13:25:12.807+08:00 [health-monitor] started (interval: 300s, startup-grace: 60s, channel-connect-grace: 120s)
2026-05-08T13:25:15.245+08:00 [gateway] agent model: custom/longcat-2.0-preview
2026-05-08T13:25:21.822+08:00 [gateway] ready (0 plugins, 91.1s)
2026-05-08T13:25:21.837+08:00 [gateway] log file: \tmp\assistant\assistant-2026-05-08.log
2026-05-08T13:25:21.942+08:00 [gateway] skipping channels and sidecars (ASSISTANT_SKIP_SIDECARS=1 or ASSISTANT_SKIP_POST_ATTACH_SIDECARS=1)
2026-05-08T13:25:22.029+08:00 [heartbeat] started
2026-05-08T13:39:37.986+08:00 [ws] ⇄ res ✓ sessions.list 333619ms conn=20b00ea6…fc1b id=req_4_1778218436421
2026-05-08T13:39:38.075+08:00 [ws] ⇄ res ✓ sessions.list 80ms conn=20b00ea6…fc1b id=req_6_1778218436421
2026-05-08T13:40:18.575+08:00 [ws] ⇄ res ✓ models.list 379952ms conn=20b00ea6…fc1b id=req_3_1778218436421
2026-05-08T13:40:18.586+08:00 [ws] ⇄ res ✓ models.list 40591ms conn=20b00ea6…fc1b id=req_5_1778218436421
2026-05-08T13:41:51.465+08:00 [ws] ⇄ res ✓ governance.overview 1013ms conn=242671a7…be06 id=req_3_1778218910443
2026-05-08T13:42:03.660+08:00 [ws] ⇄ res ✓ channels.status 214ms conn=242671a7…be06 id=req_4_1778218910443
2026-05-08T13:42:10.049+08:00 [runtime/autonomy] Auto-submitted sandbox replay for managed autonomy flow
2026-05-08T13:42:10.076+08:00 [runtime/autonomy] Auto-submitted sandbox replay for managed autonomy flow
2026-05-08T13:42:10.197+08:00 [runtime/autonomy] Auto-submitted sandbox replay for managed autonomy flow
2026-05-08T13:42:10.312+08:00 [runtime/autonomy] Auto-submitted sandbox replay for managed autonomy flow
2026-05-08T13:42:10.336+08:00 [runtime/autonomy] Auto-submitted sandbox replay for managed autonomy flow
2026-05-08T13:42:10.362+08:00 [runtime/autonomy] Auto-submitted sandbox replay for managed autonomy flow
2026-05-08T13:42:10.478+08:00 [runtime/autonomy] Auto-submitted sandbox replay for managed autonomy flow
2026-05-08T13:42:10.852+08:00 [runtime/autonomy] Auto-submitted sandbox replay for managed autonomy flow
2026-05-08T13:42:13.304+08:00 [ws] ⇄ res ✓ autonomy.overview 8698ms conn=242671a7…be06 id=req_5_1778218910443
2026-05-08T13:42:13.323+08:00 [ws] ⇄ res ✓ autonomy.overview 1406ms conn=242671a7…be06 id=req_7_1778218928286
2026-05-08T13:45:53.919+08:00 [ws] ⇄ res ✓ channels.status 351ms conn=10e585a9…035f id=channels.sta…5586
2026-05-08T13:45:54.322+08:00 [ws] ⇄ res ✓ governance.overview 375ms conn=10e585a9…035f id=governance.o…0627
2026-05-08T13:58:35.074+08:00 [ws] ⇄ res ✓ channels.status 754ms conn=c77a9a34…6f44 id=channels.sta…z3a2
2026-05-08T13:58:35.708+08:00 [ws] ⇄ res ✓ governance.overview 563ms conn=c77a9a34…6f44 id=governance.o…fc7n
2026-05-08T14:05:08.836+08:00 [ws] ⇄ res ✓ governance.overview 227ms conn=089c4820…0e35 id=req_3_1778220307704
2026-05-08T14:05:10.240+08:00 [ws] ⇄ res ✓ channels.status 1371ms conn=089c4820…0e35 id=req_4_1778220307704
2026-05-08T14:05:17.564+08:00 [ws] ⇄ res ✓ governance.overview 173ms conn=089c4820…0e35 id=req_7_1778220307705
2026-05-08T14:05:18.366+08:00 [ws] ⇄ res ✓ channels.status 783ms conn=089c4820…0e35 id=req_8_1778220307705
2026-05-08T14:05:19.222+08:00 [ws] ⇄ res ✓ autonomy.overview 8449ms conn=089c4820…0e35 id=req_5_1778220307704
2026-05-08T14:05:28.250+08:00 [ws] ⇄ res ✓ autonomy.overview 1327ms conn=089c4820…0e35 id=req_9_1778220307705
2026-05-08T14:19:59.735+08:00 [ws] ⇄ res ✓ channels.status 774ms conn=00d9a8d3…c693 id=channels.sta…rb2b
2026-05-08T14:20:05.866+08:00 [ws] ⇄ res ✓ governance.overview 319ms conn=00d9a8d3…c693 id=governance.o…yxxv
