
⎯⎯⎯⎯⎯⎯⎯ Failed Tests 2 ⎯⎯⎯⎯⎯⎯⎯

 FAIL  |extension-qa| extensions/qa-lab/src/lab-server.test.ts > qa-lab server > tracks inbound messages in bus state
Error: Test timed out in 5000ms.
If this is a long-running test, pass a timeout value as the last argument or configure it globally with "testTimeout".
 ❯ extensions/qa-lab/src/lab-server.test.ts:158:3
    156|   });
    157|
    158|   it("anchors direct self-check runs under the explicit repo root by d…
       |   ^
    159|     const repoRoot = await mkdtemp(path.join(os.tmpdir(), "qa-lab-self…
    160|     cleanups.push(async () => {

⎯⎯⎯⎯⎯⎯⎯⎯⎯⎯⎯⎯⎯⎯⎯⎯⎯⎯⎯⎯⎯⎯⎯⎯[1/2]⎯

 FAIL  |extension-qa| extensions/qa-lab/src/lab-server.test.ts > qa-lab server > writes a self-check report to an explicit output path
Error: Test timed out in 5000ms.
If this is a long-running test, pass a timeout value as the last argument or configure it globally with "testTimeout".
 ❯ extensions/qa-lab/src/lab-server.test.ts:184:3
    182|       port: 0,
    183|       sendKickoffOnStart: true,
    184|       embeddedGateway: "disabled",
       |   ^
    185|     });
    186|     cleanups.push(async () => {

⎯⎯⎯⎯⎯⎯⎯⎯⎯⎯⎯⎯⎯⎯⎯⎯⎯⎯⎯⎯⎯⎯⎯⎯[2/2]⎯

